<?xml version="1.0" encoding="UTF-8"?>
<!-- Generated by org.testng.reporters.JUnitXMLReporter -->
<testsuite hostname="chouman" ignored="2" name="Free CRM App Test Cases" tests="1" failures="0" timestamp="29 May 2021 16:49:04 GMT" time="7.676" errors="0">
  <testcase name="loginTest" time="0.709" classname="gov.cms.testcases.LoginPageTest"/>
  <testcase name="loginPageTitleTest" time="0.0" classname="gov.cms.testcases.LoginPageTest">
    <ignored/>
  </testcase> <!-- loginPageTitleTest -->
  <testcase name="crmLogoImageTest" time="0.0" classname="gov.cms.testcases.LoginPageTest">
    <ignored/>
  </testcase> <!-- crmLogoImageTest -->
</testsuite> <!-- Free CRM App Test Cases -->
