<?xml version="1.0" encoding="UTF-8"?>
<testng-results skipped="0" failed="0" ignored="2" total="3" passed="1">
  <reporter-output>
  </reporter-output>
  <suite name="FREE CRM Application Test Automation Test Suite" duration-ms="7676" started-at="2021-05-29T16:48:56Z" finished-at="2021-05-29T16:49:04Z">
    <groups>
    </groups>
    <test name="Free CRM App Test Cases" duration-ms="7676" started-at="2021-05-29T16:48:56Z" finished-at="2021-05-29T16:49:04Z">
      <class name="gov.cms.testcases.LoginPageTest">
        <test-method status="PASS" signature="setUp()[pri:0, instance:gov.cms.testcases.LoginPageTest@6093dd95]" name="setUp" is-config="true" duration-ms="6924" started-at="2021-05-29T12:48:56Z" finished-at="2021-05-29T12:49:03Z">
          <reporter-output>
          </reporter-output>
        </test-method> <!-- setUp -->
        <test-method status="PASS" signature="loginTest()[pri:1, instance:gov.cms.testcases.LoginPageTest@6093dd95]" name="loginTest" duration-ms="709" started-at="2021-05-29T12:49:03Z" finished-at="2021-05-29T12:49:04Z">
          <reporter-output>
          </reporter-output>
        </test-method> <!-- loginTest -->
        <test-method status="PASS" signature="tearDown()[pri:0, instance:gov.cms.testcases.LoginPageTest@6093dd95]" name="tearDown" is-config="true" duration-ms="0" started-at="2021-05-29T12:49:04Z" finished-at="2021-05-29T12:49:04Z">
          <reporter-output>
          </reporter-output>
        </test-method> <!-- tearDown -->
      </class> <!-- gov.cms.testcases.LoginPageTest -->
    </test> <!-- Free CRM App Test Cases -->
  </suite> <!-- FREE CRM Application Test Automation Test Suite -->
</testng-results>
